<?xml version="1.0" encoding="UTF-8"?>
<testng-results skipped="0" failed="0" total="0" passed="0">
  <reporter-output>
  </reporter-output>
  <suite name="de.audibene.appium.HeroTest" duration-ms="3" started-at="2018-02-16T15:47:26Z" finished-at="2018-02-16T15:47:26Z">
    <groups>
    </groups>
    <test name="Command line test" duration-ms="3" started-at="2018-02-16T15:47:26Z" finished-at="2018-02-16T15:47:26Z">
    </test> <!-- Command line test -->
  </suite> <!-- de.audibene.appium.HeroTest -->
</testng-results>
